2025-01-21 21:05:03,300 - INFO - 
==================================================
EMA Cross Analysis - ORCA/USDT
Time: 2025-01-21 21:05:00+09:00
Type: dead
Cross Character (Current): Weak
Cross Character (New): Weak
Price at Cross: 3.523

1. Pre-Cross Pattern (15min):
EMA Distance Changes (%): ['0.040', '0.039', '0.008', '0.017']
EMA12 Changes (%): ['0.019', '0.003', '-0.054', '-0.046']
Price Changes (%): ['0.283', '-0.085', '-0.368', '0.000']
Candle Analysis:
    Body Sizes (%): ['0.255', '0.113', '0.424', '0.000']
    Upper Shadows (%): ['0.425', '0.226', '0.339', '0.000']
    Lower Shadows (%): ['0.085', '0.085', '0.085', '0.000']
Volumes: [np.float64(26579.1), np.float64(15250.7), np.float64(24724.2), np.float64(21.3)]
2025-01-21 21:05:03,300 - INFO - 
2. Post-Cross Movement (30min):
5min Price Changes (%): []
Maximum Change: 0.000% after 0 minutes
Candle Analysis:
    Body Sizes (%): []
    Upper Shadows (%): []
    Lower Shadows (%): []
Volumes: []
==================================================
2025-01-21 21:50:55,328 - INFO - 
==================================================
EMA Cross Analysis - PENGU/USDT
Time: 2025-01-21 21:50:00+09:00
Type: dead
Cross Character (Current): Weak
Cross Character (New): Weak
Price at Cross: 0.023716

1. Pre-Cross Pattern (15min):
EMA Distance Changes (%): ['0.123', '0.096', '0.019', '0.060']
EMA12 Changes (%): ['-0.088', '-0.034', '-0.134', '-0.148']
Price Changes (%): ['0.201', '0.264', '-0.685', '-0.223']
Candle Analysis:
    Body Sizes (%): ['0.201', '0.264', '0.694', '0.227']
    Upper Shadows (%): ['0.332', '0.029', '0.038', '0.025']
    Lower Shadows (%): ['0.260', '0.117', '0.209', '0.013']
Volumes: [np.float64(18286637.0), np.float64(9465692.0), np.float64(21157568.0), np.float64(3267051.0)]
2025-01-21 21:50:55,328 - INFO - 
2. Post-Cross Movement (30min):
5min Price Changes (%): []
Maximum Change: 0.000% after 0 minutes
Candle Analysis:
    Body Sizes (%): []
    Upper Shadows (%): []
    Lower Shadows (%): []
Volumes: []
==================================================
2025-01-21 22:05:44,649 - INFO - 
==================================================
EMA Cross Analysis - PHA/USDT
Time: 2025-01-21 22:05:00+09:00
Type: dead
Cross Character (Current): Weak
Cross Character (New): Weak
Price at Cross: 0.24336

1. Pre-Cross Pattern (15min):
EMA Distance Changes (%): ['0.093', '0.059', '0.034', '0.035']
EMA12 Changes (%): ['-0.096', '-0.052', '-0.039', '-0.129']
Price Changes (%): ['-0.306', '0.192', '0.029', '-0.621']
Candle Analysis:
    Body Sizes (%): ['0.290', '0.192', '0.082', '0.609']
    Upper Shadows (%): ['0.118', '0.184', '0.515', '0.000']
    Lower Shadows (%): ['0.200', '0.000', '0.188', '0.074']
Volumes: [np.float64(174848.0), np.float64(160547.0), np.float64(324322.0), np.float64(100850.0)]
2025-01-21 22:05:44,649 - INFO - 
2. Post-Cross Movement (30min):
5min Price Changes (%): []
Maximum Change: 0.000% after 0 minutes
Candle Analysis:
    Body Sizes (%): []
    Upper Shadows (%): []
    Lower Shadows (%): []
Volumes: []
==================================================
2025-01-21 22:10:16,287 - INFO - 
==================================================
EMA Cross Analysis - ORCA/USDT
Time: 2025-01-21 22:10:00+09:00
Type: dead
Cross Character (Current): Weak
Cross Character (New): Weak
Price at Cross: 3.519

1. Pre-Cross Pattern (15min):
EMA Distance Changes (%): ['0.092', '0.072', '0.005', '0.034']
EMA12 Changes (%): ['-0.047', '-0.027', '-0.118', '-0.074']
Price Changes (%): ['-0.310', '0.085', '-0.622', '0.171']
Candle Analysis:
    Body Sizes (%): ['0.310', '0.085', '0.650', '0.199']
    Upper Shadows (%): ['0.310', '0.368', '0.000', '0.028']
    Lower Shadows (%): ['0.056', '0.198', '0.311', '0.000']
Volumes: [np.float64(8837.1), np.float64(31073.8), np.float64(24873.9), np.float64(595.9)]
2025-01-21 22:10:16,287 - INFO - 
2. Post-Cross Movement (30min):
5min Price Changes (%): []
Maximum Change: 0.000% after 0 minutes
Candle Analysis:
    Body Sizes (%): []
    Upper Shadows (%): []
    Lower Shadows (%): []
Volumes: []
==================================================
2025-01-21 22:30:51,212 - INFO - 
==================================================
EMA Cross Analysis - ORCA/USDT
Time: 2025-01-21 22:30:00+09:00
Type: dead
Cross Character (Current): Weak
Cross Character (New): Weak
Price at Cross: 3.514

1. Pre-Cross Pattern (15min):
EMA Distance Changes (%): ['0.012', '0.035', '0.012', '0.041']
EMA12 Changes (%): ['0.064', '0.046', '-0.040', '-0.099']
Price Changes (%): ['0.709', '-0.056', '-0.507', '-0.425']
Candle Analysis:
    Body Sizes (%): ['0.709', '0.056', '0.536', '0.425']
    Upper Shadows (%): ['0.341', '0.197', '0.141', '0.000']
    Lower Shadows (%): ['0.000', '0.254', '0.141', '0.085']
Volumes: [np.float64(12494.2), np.float64(17222.5), np.float64(19663.8), np.float64(5865.1)]
2025-01-21 22:30:51,212 - INFO - 
2. Post-Cross Movement (30min):
5min Price Changes (%): []
Maximum Change: 0.000% after 0 minutes
Candle Analysis:
    Body Sizes (%): []
    Upper Shadows (%): []
    Lower Shadows (%): []
Volumes: []
==================================================
2025-01-21 22:30:54,946 - INFO - 
==================================================
EMA Cross Analysis - XLM/USDT
Time: 2025-01-21 22:30:00+09:00
Type: dead
Cross Character (Current): Weak
Cross Character (New): Weak
Price at Cross: 0.43775

1. Pre-Cross Pattern (15min):
EMA Distance Changes (%): ['0.070', '0.050', '0.012', '0.030']
EMA12 Changes (%): ['0.006', '-0.029', '-0.066', '-0.078']
Price Changes (%): ['0.463', '-0.220', '-0.273', '-0.139']
Candle Analysis:
    Body Sizes (%): ['0.461', '0.220', '0.273', '0.139']
    Upper Shadows (%): ['0.135', '0.166', '0.039', '0.025']
    Lower Shadows (%): ['0.025', '0.075', '0.157', '0.000']
Volumes: [np.float64(1755244.0), np.float64(1495365.0), np.float64(1772660.0), np.float64(582949.0)]
2025-01-21 22:30:54,947 - INFO - 
2. Post-Cross Movement (30min):
5min Price Changes (%): []
Maximum Change: 0.000% after 0 minutes
Candle Analysis:
    Body Sizes (%): []
    Upper Shadows (%): []
    Lower Shadows (%): []
Volumes: []
==================================================
2025-01-21 22:41:13,160 - INFO - 
==================================================
EMA Cross Analysis - MOODENG/USDT
Time: 2025-01-21 22:40:00+09:00
Type: dead
Cross Character (Current): Strong
Cross Character (New): Weak
Price at Cross: 0.14175

1. Pre-Cross Pattern (15min):
EMA Distance Changes (%): ['0.252', '0.152', '0.045', '0.068']
EMA12 Changes (%): ['-0.065', '-0.159', '-0.184', '-0.209']
Price Changes (%): ['-0.361', '-0.675', '-0.322', '-0.351']
Candle Analysis:
    Body Sizes (%): ['0.347', '0.675', '0.336', '0.344']
    Upper Shadows (%): ['0.014', '0.000', '0.210', '0.014']
    Lower Shadows (%): ['0.326', '0.097', '0.168', '0.218']
Volumes: [np.float64(1562879.0), np.float64(2276280.0), np.float64(2281919.0), np.float64(1171346.0)]
2025-01-21 22:41:13,160 - INFO - 
2. Post-Cross Movement (30min):
5min Price Changes (%): []
Maximum Change: 0.000% after 0 minutes
Candle Analysis:
    Body Sizes (%): []
    Upper Shadows (%): []
    Lower Shadows (%): []
Volumes: []
==================================================
2025-01-21 22:50:22,330 - INFO - 
==================================================
EMA Cross Analysis - XLM/USDT
Time: 2025-01-21 22:50:00+09:00
Type: golden
Cross Character (Current): Weak
Cross Character (New): Weak
Price at Cross: 0.44015

1. Pre-Cross Pattern (15min):
EMA Distance Changes (%): ['0.016', '0.011', '0.004', '0.002']
EMA12 Changes (%): ['-0.025', '0.007', '0.013', '0.011']
Price Changes (%): ['-0.011', '0.180', '0.048', '0.002']
Candle Analysis:
    Body Sizes (%): ['0.007', '0.182', '0.045', '0.005']
    Upper Shadows (%): ['0.143', '0.014', '0.143', '0.005']
    Lower Shadows (%): ['0.214', '0.212', '0.059', '0.055']
Volumes: [np.float64(1295684.0), np.float64(1908331.0), np.float64(788282.0), np.float64(83838.0)]
2025-01-21 22:50:22,330 - INFO - 
2. Post-Cross Movement (30min):
5min Price Changes (%): []
Maximum Change: 0.000% after 0 minutes
Candle Analysis:
    Body Sizes (%): []
    Upper Shadows (%): []
    Lower Shadows (%): []
Volumes: []
==================================================
2025-01-21 23:00:40,682 - INFO - 
==================================================
EMA Cross Analysis - MOODENG/USDT
Time: 2025-01-21 23:00:00+09:00
Type: golden
Cross Character (Current): Weak
Cross Character (New): Weak
Price at Cross: 0.14388

1. Pre-Cross Pattern (15min):
EMA Distance Changes (%): ['0.031', '0.047', '0.008', '0.011']
EMA12 Changes (%): ['-0.043', '-0.037', '0.070', '0.035']
Price Changes (%): ['0.245', '0.000', '0.657', '-0.153']
Candle Analysis:
    Body Sizes (%): ['0.259', '0.021', '0.650', '0.160']
    Upper Shadows (%): ['0.287', '0.035', '0.196', '0.042']
    Lower Shadows (%): ['0.042', '0.503', '0.000', '0.000']
Volumes: [np.float64(1479142.0), np.float64(1023106.0), np.float64(2168059.0), np.float64(329679.0)]
2025-01-21 23:00:40,682 - INFO - 
2. Post-Cross Movement (30min):
5min Price Changes (%): []
Maximum Change: 0.000% after 0 minutes
Candle Analysis:
    Body Sizes (%): []
    Upper Shadows (%): []
    Lower Shadows (%): []
Volumes: []
==================================================
2025-01-21 23:05:20,366 - INFO - 
==================================================
EMA Cross Analysis - ADA/USDT
Time: 2025-01-21 23:05:00+09:00
Type: dead
Cross Character (Current): Weak
Cross Character (New): Weak
Price at Cross: 0.9892

1. Pre-Cross Pattern (15min):
EMA Distance Changes (%): ['0.123', '0.088', '0.017', '0.041']
EMA12 Changes (%): ['0.012', '-0.050', '-0.124', '-0.108']
Price Changes (%): ['-0.180', '-0.391', '-0.533', '-0.020']
Candle Analysis:
    Body Sizes (%): ['0.190', '0.401', '0.533', '0.020']
    Upper Shadows (%): ['0.000', '0.110', '0.080', '0.010']
    Lower Shadows (%): ['0.250', '0.240', '0.352', '0.040']
Volumes: [np.float64(1065101.0), np.float64(3050561.0), np.float64(5779070.0), np.float64(132252.0)]
2025-01-21 23:05:20,366 - INFO - 
2. Post-Cross Movement (30min):
5min Price Changes (%): []
Maximum Change: 0.000% after 0 minutes
Candle Analysis:
    Body Sizes (%): []
    Upper Shadows (%): []
    Lower Shadows (%): []
Volumes: []
==================================================
2025-01-21 23:15:34,424 - INFO - 
==================================================
EMA Cross Analysis - ZRO/USDT
Time: 2025-01-21 23:15:00+09:00
Type: golden
Cross Character (Current): Weak
Cross Character (New): Weak
Price at Cross: 4.1677

1. Pre-Cross Pattern (15min):
EMA Distance Changes (%): ['0.036', '0.059', '0.025', '0.023']
EMA12 Changes (%): ['-0.010', '-0.049', '0.057', '0.090']
Price Changes (%): ['-0.039', '-0.266', '0.644', '0.267']
Candle Analysis:
    Body Sizes (%): ['0.051', '0.266', '0.642', '0.262']
    Upper Shadows (%): ['0.116', '0.254', '0.092', '0.002']
    Lower Shadows (%): ['0.360', '0.085', '0.150', '0.000']
Volumes: [np.float64(24649.3), np.float64(27632.2), np.float64(25752.4), np.float64(4304.1)]
2025-01-21 23:15:34,424 - INFO - 
2. Post-Cross Movement (30min):
5min Price Changes (%): []
Maximum Change: 0.000% after 0 minutes
Candle Analysis:
    Body Sizes (%): []
    Upper Shadows (%): []
    Lower Shadows (%): []
Volumes: []
==================================================
2025-01-21 23:20:08,947 - INFO - 
==================================================
EMA Cross Analysis - ACX/USDT
Time: 2025-01-21 23:20:00+09:00
Type: golden
Cross Character (Current): Weak
Cross Character (New): Weak
Price at Cross: 0.4227

1. Pre-Cross Pattern (15min):
EMA Distance Changes (%): ['0.080', '0.046', '0.010', '0.015']
EMA12 Changes (%): ['-0.057', '0.054', '0.064', '0.047']
Price Changes (%): ['0.072', '0.667', '0.118', '-0.047']
Candle Analysis:
    Body Sizes (%): ['0.072', '0.667', '0.095', '0.024']
    Upper Shadows (%): ['0.429', '0.214', '0.331', '0.000']
    Lower Shadows (%): ['0.095', '0.238', '0.095', '0.024']
Volumes: [np.float64(111127.8), np.float64(91878.1), np.float64(66711.0), np.float64(1575.5)]
2025-01-21 23:20:08,947 - INFO - 
2. Post-Cross Movement (30min):
5min Price Changes (%): []
Maximum Change: 0.000% after 0 minutes
Candle Analysis:
    Body Sizes (%): []
    Upper Shadows (%): []
    Lower Shadows (%): []
Volumes: []
==================================================
2025-01-21 23:20:15,843 - INFO - 
==================================================
EMA Cross Analysis - GOAT/USDT
Time: 2025-01-21 23:20:00+09:00
Type: golden
Cross Character (Current): Weak
Cross Character (New): Weak
Price at Cross: 0.2537

1. Pre-Cross Pattern (15min):
EMA Distance Changes (%): ['0.075', '0.049', '0.002', '0.043']
EMA12 Changes (%): ['-0.032', '0.040', '0.083', '0.088']
Price Changes (%): ['-0.357', '0.437', '0.317', '0.118']
Candle Analysis:
    Body Sizes (%): ['0.357', '0.437', '0.277', '0.158']
    Upper Shadows (%): ['0.475', '0.080', '0.317', '0.000']
    Lower Shadows (%): ['0.158', '0.318', '0.000', '0.079']
Volumes: [np.float64(1404263.0), np.float64(846821.0), np.float64(1468315.0), np.float64(86910.0)]
2025-01-21 23:20:15,844 - INFO - 
2. Post-Cross Movement (30min):
5min Price Changes (%): []
Maximum Change: 0.000% after 0 minutes
Candle Analysis:
    Body Sizes (%): []
    Upper Shadows (%): []
    Lower Shadows (%): []
Volumes: []
==================================================
2025-01-21 23:25:57,539 - INFO - 
==================================================
EMA Cross Analysis - BNB/USDT
Time: 2025-01-21 23:25:00+09:00
Type: golden
Cross Character (Current): Weak
Cross Character (New): Weak
Price at Cross: 691.64

1. Pre-Cross Pattern (15min):
EMA Distance Changes (%): ['0.041', '0.037', '0.006', '0.027']
EMA12 Changes (%): ['-0.012', '0.002', '0.055', '0.062']
Price Changes (%): ['0.080', '0.080', '0.350', '0.101']
Candle Analysis:
    Body Sizes (%): ['0.080', '0.080', '0.350', '0.101']
    Upper Shadows (%): ['0.039', '0.068', '0.064', '0.001']
    Lower Shadows (%): ['0.112', '0.015', '0.003', '0.000']
Volumes: [np.float64(3920.67), np.float64(1588.78), np.float64(5692.62), np.float64(525.02)]
2025-01-21 23:25:57,539 - INFO - 
2. Post-Cross Movement (30min):
5min Price Changes (%): []
Maximum Change: 0.000% after 0 minutes
Candle Analysis:
    Body Sizes (%): []
    Upper Shadows (%): []
    Lower Shadows (%): []
Volumes: []
==================================================
2025-01-21 23:25:58,246 - INFO - 
==================================================
EMA Cross Analysis - EOS/USDT
Time: 2025-01-21 23:25:00+09:00
Type: golden
Cross Character (Current): Weak
Cross Character (New): Weak
Price at Cross: 0.837

1. Pre-Cross Pattern (15min):
EMA Distance Changes (%): ['0.053', '0.046', '0.001', '0.033']
EMA12 Changes (%): ['-0.015', '0.006', '0.079', '0.067']
Price Changes (%): ['0.605', '0.120', '0.480', '0.000']
Candle Analysis:
    Body Sizes (%): ['0.605', '0.120', '0.601', '0.000']
    Upper Shadows (%): ['0.121', '0.240', '0.000', '0.119']
    Lower Shadows (%): ['0.121', '0.120', '0.000', '0.119']
Volumes: [np.float64(348461.1), np.float64(160577.6), np.float64(285453.8), np.float64(106481.8)]
2025-01-21 23:25:58,246 - INFO - 
2. Post-Cross Movement (30min):
5min Price Changes (%): []
Maximum Change: 0.000% after 0 minutes
Candle Analysis:
    Body Sizes (%): []
    Upper Shadows (%): []
    Lower Shadows (%): []
Volumes: []
==================================================
2025-01-21 23:30:32,477 - INFO - 
==================================================
EMA Cross Analysis - DOGE/USDT
Time: 2025-01-21 23:30:00+09:00
Type: golden
Cross Character (Current): Weak
Cross Character (New): Weak
Price at Cross: 0.37509

1. Pre-Cross Pattern (15min):
EMA Distance Changes (%): ['0.207', '0.133', '0.030', '0.045']
EMA12 Changes (%): ['0.038', '0.113', '0.180', '0.141']
Price Changes (%): ['0.246', '0.522', '0.544', '-0.067']
Candle Analysis:
    Body Sizes (%): ['0.246', '0.522', '0.544', '0.064']
    Upper Shadows (%): ['0.362', '0.113', '0.252', '0.037']
    Lower Shadows (%): ['0.078', '0.048', '0.201', '0.272']
Volumes: [np.float64(67088207.0), np.float64(81548973.0), np.float64(86147506.0), np.float64(12392148.0)]
2025-01-21 23:30:32,477 - INFO - 
2. Post-Cross Movement (30min):
5min Price Changes (%): []
Maximum Change: 0.000% after 0 minutes
Candle Analysis:
    Body Sizes (%): []
    Upper Shadows (%): []
    Lower Shadows (%): []
Volumes: []
==================================================
2025-01-21 23:30:34,374 - INFO - 
==================================================
EMA Cross Analysis - THETA/USDT
Time: 2025-01-21 23:30:00+09:00
Type: golden
Cross Character (Current): Weak
Cross Character (New): Weak
Price at Cross: 2.0801

1. Pre-Cross Pattern (15min):
EMA Distance Changes (%): ['0.118', '0.068', '0.022', '0.014']
EMA12 Changes (%): ['-0.027', '0.077', '0.081', '0.066']
Price Changes (%): ['0.068', '0.654', '0.101', '-0.014']
Candle Analysis:
    Body Sizes (%): ['0.073', '0.644', '0.096', '0.024']
    Upper Shadows (%): ['0.242', '0.082', '0.197', '0.067']
    Lower Shadows (%): ['0.058', '0.000', '0.265', '0.087']
Volumes: [np.float64(26688.5), np.float64(52624.7), np.float64(69516.5), np.float64(5570.0)]
2025-01-21 23:30:34,374 - INFO - 
2. Post-Cross Movement (30min):
5min Price Changes (%): []
Maximum Change: 0.000% after 0 minutes
Candle Analysis:
    Body Sizes (%): []
    Upper Shadows (%): []
    Lower Shadows (%): []
Volumes: []
==================================================
